<?xml version="1.0" encoding="UTF-8"?>
<!-- Generated by org.testng.reporters.JUnitReportReporter -->
<testsuite hostname="RENI-XPS13" failures="0" tests="1" name="com.learnselenium.basics.LoggerDemo" time="8.271" errors="0" timestamp="4 Dec 2019 19:57:54 GMT">
  <testcase classname="com.learnselenium.basics.LoggerDemo" name="dragDemo" time="8.271"/>
</testsuite>
