<?xml version="1.0" encoding="UTF-8"?>
<!-- Generated by org.testng.reporters.JUnitReportReporter -->
<testsuite hostname="RENI-XPS13" failures="0" tests="1" name="com.learnselenium.basics.HandleDropDowns" time="7.661" errors="0" timestamp="21 Nov 2019 00:38:44 GMT">
  <testcase classname="com.learnselenium.basics.HandleDropDowns" name="DD_Select" time="7.661"/>
</testsuite>
