<?xml version="1.0" encoding="UTF-8"?>
<!-- Generated by org.testng.reporters.JUnitReportReporter -->
<testsuite hostname="RENI-XPS13" failures="0" tests="1" name="com.wordpress.testcases.LogintestNew" time="16.534" errors="0" timestamp="13 Dec 2019 18:32:06 GMT">
  <testcase classname="com.wordpress.testcases.LogintestNew" name="VerifyLogin" time="16.534"/>
</testsuite>
