<?xml version="1.0" encoding="UTF-8"?>
<!-- Generated by org.testng.reporters.JUnitReportReporter -->
<testsuite hostname="RENI-XPS13" failures="0" tests="1" name="com.learnselenium.basics.DemoWindowHandles" time="16.472" errors="0" timestamp="13 Dec 2019 18:06:28 GMT">
  <testcase classname="com.learnselenium.basics.DemoWindowHandles" name="demoMutipleWindows" time="16.472"/>
</testsuite>
