<?xml version="1.0" encoding="UTF-8"?>
<!-- Generated by org.testng.reporters.JUnitReportReporter -->
<testsuite hostname="RENI-XPS13" failures="0" tests="2" name="com.learnselenium.basics.DataProviderClass" time="0.012" errors="0" timestamp="4 Dec 2019 19:54:10 GMT">
  <testcase classname="com.learnselenium.basics.DataProviderClass" name="login" time="0.001"/>
  <testcase classname="com.learnselenium.basics.DataProviderClass" name="login" time="0.011"/>
</testsuite>
