<?xml version="1.0" encoding="UTF-8"?>
<!-- Generated by org.testng.reporters.JUnitReportReporter -->
<testsuite hostname="RENI-XPS13" failures="0" tests="2" name="com.learnselenium.basics.DemoSelenium" time="24.242" errors="0" timestamp="4 Dec 2019 19:55:06 GMT">
  <testcase classname="com.learnselenium.basics.DemoSelenium" name="openIE" time="0.002"/>
  <testcase classname="com.learnselenium.basics.DemoSelenium" name="openChrome" time="24.240"/>
</testsuite>
