<?xml version="1.0" encoding="UTF-8"?>
<!-- Generated by org.testng.reporters.JUnitReportReporter -->
<testsuite hostname="RENI-XPS13" failures="0" tests="1" name="com.learnselenium.basics.HandleRdioButton" time="7.902" errors="0" timestamp="19 Nov 2019 16:00:05 GMT">
  <testcase classname="com.learnselenium.basics.HandleRdioButton" name="openChrome" time="7.902"/>
</testsuite>
