<?xml version="1.0" encoding="UTF-8"?>
<!-- Generated by org.testng.reporters.JUnitReportReporter -->
<testsuite hostname="RENI-XPS13" failures="0" tests="1" name="com.learnselenium.basics.FluentWaitExample" time="15.497" errors="0" timestamp="25 Nov 2019 18:08:31 GMT">
  <testcase classname="com.learnselenium.basics.FluentWaitExample" name="demoFluentWait" time="15.497"/>
</testsuite>
