<?xml version="1.0" encoding="UTF-8"?>
<!-- Generated by org.testng.reporters.JUnitReportReporter -->
<testsuite hostname="RENI-XPS13" failures="0" tests="1" name="com.learnselenium.basics.ReadWriteExcel" time="0.783" errors="0" timestamp="18 Nov 2019 19:41:51 GMT">
  <testcase classname="com.learnselenium.basics.ReadWriteExcel" name="readExcel" time="0.783"/>
</testsuite>
